
/home/runner/work/exp-gauss-seidel-iitr/exp-gauss-seidel-iitr/experiment/simulation/script.js
   50:11   warning  'autofillFiveBusNetwork' is defined but never used      no-unused-vars
   80:10   warning  'autofillFourteenBusNetwork' is defined but never used  no-unused-vars
  170:10   warning  'autofillSixLines' is defined but never used            no-unused-vars
  194:10   warning  'autofillTwentyLines' is defined but never used         no-unused-vars
  241:10   warning  'calculateYbus' is defined but never used               no-unused-vars
  249:85   warning  'math' is not defined                                   no-undef
  259:24   warning  'math' is not defined                                   no-undef
  259:39   warning  'math' is not defined                                   no-undef
  260:29   warning  'math' is not defined                                   no-undef
  262:21   warning  'math' is not defined                                   no-undef
  264:23   warning  'math' is not defined                                   no-undef
  265:19   warning  'math' is not defined                                   no-undef
  278:12   warning  'i' is already defined                                  no-redeclare
  290:10   warning  'runLoadFlow' is defined but never used                 no-unused-vars
  299:28   warning  'math' is not defined                                   no-undef
  300:36   warning  'math' is not defined                                   no-undef
  323:21   warning  'math' is not defined                                   no-undef
  327:25   warning  'math' is not defined                                   no-undef
  327:39   warning  'math' is not defined                                   no-undef
  332:25   warning  'math' is not defined                                   no-undef
  333:22   warning  'math' is not defined                                   no-undef
  333:34   warning  'math' is not defined                                   no-undef
  333:48   warning  'math' is not defined                                   no-undef
  333:63   warning  'math' is not defined                                   no-undef
  336:24   warning  'math' is not defined                                   no-undef
  336:32   warning  'math' is not defined                                   no-undef
  336:46   warning  'math' is not defined                                   no-undef
  336:63   warning  'math' is not defined                                   no-undef
  336:77   warning  'math' is not defined                                   no-undef
  340:30   warning  'math' is not defined                                   no-undef
  340:42   warning  'math' is not defined                                   no-undef
  340:56   warning  'math' is not defined                                   no-undef
  340:68   warning  'math' is not defined                                   no-undef
  340:94   warning  'math' is not defined                                   no-undef
  344:30   warning  'math' is not defined                                   no-undef
  344:42   warning  'math' is not defined                                   no-undef
  344:56   warning  'math' is not defined                                   no-undef
  344:68   warning  'math' is not defined                                   no-undef
  344:94   warning  'math' is not defined                                   no-undef
  347:22   warning  'math' is not defined                                   no-undef
  347:34   warning  'math' is not defined                                   no-undef
  347:48   warning  'math' is not defined                                   no-undef
  347:60   warning  'math' is not defined                                   no-undef
  347:86   warning  'math' is not defined                                   no-undef
  348:22   warning  'math' is not defined                                   no-undef
  348:52   warning  'math' is not defined                                   no-undef
  352:25   warning  'math' is not defined                                   no-undef
  352:34   warning  'math' is not defined                                   no-undef
  361:56   warning  'math' is not defined                                   no-undef
  361:98   warning  'math' is not defined                                   no-undef
  370:21   warning  'math' is not defined                                   no-undef
  372:21   warning  'math' is not defined                                   no-undef
  372:35   warning  'math' is not defined                                   no-undef
  378:31   warning  'math' is not defined                                   no-undef
  378:48   warning  'math' is not defined                                   no-undef
  381:24   warning  'math' is not defined                                   no-undef
  382:24   warning  'math' is not defined                                   no-undef
  384:24   warning  'math' is not defined                                   no-undef
  385:24   warning  'math' is not defined                                   no-undef
  398:28   warning  'k' is defined but never used                           no-unused-vars
  399:19   warning  'math' is not defined                                   no-undef
  401:18   warning  'math' is not defined                                   no-undef
  401:33   warning  'math' is not defined                                   no-undef
  405:39   warning  'math' is not defined                                   no-undef
  405:69   warning  'math' is not defined                                   no-undef
  405:79   warning  'math' is not defined                                   no-undef
  405:88   warning  'math' is not defined                                   no-undef
  405:102  warning  'math' is not defined                                   no-undef
  406:39   warning  'math' is not defined                                   no-undef
  406:67   warning  'math' is not defined                                   no-undef
  406:77   warning  'math' is not defined                                   no-undef
  406:86   warning  'math' is not defined                                   no-undef
  406:100  warning  'math' is not defined                                   no-undef
  409:29   warning  'math' is not defined                                   no-undef
  410:29   warning  'math' is not defined                                   no-undef
  411:29   warning  'math' is not defined                                   no-undef
  412:29   warning  'math' is not defined                                   no-undef
  417:20   warning  'math' is not defined                                   no-undef
  418:20   warning  'math' is not defined                                   no-undef
  420:25   warning  'math' is not defined                                   no-undef
  420:34   warning  'math' is not defined                                   no-undef
  421:25   warning  'math' is not defined                                   no-undef
  421:34   warning  'math' is not defined                                   no-undef
  436:19   warning  'math' is not defined                                   no-undef
  437:22   warning  'math' is not defined                                   no-undef

✖ 85 problems (0 errors, 85 warnings)

